E:\TMP\LIBCURLXXX\SAMPLE\DEBUG\SAMPLE.PCH
E:\TMP\LIBCURLXXX\SAMPLE\DEBUG\STDAFX.OBJ
E:\TMP\LIBCURLXXX\SAMPLE\DEBUG\VC110.PDB
E:\TMP\LIBCURLXXX\SAMPLE\DEBUG\SAMPLE.OBJ
E:\TMP\LIBCURLXXX\WORK\DEBUG\SAMPLE.ILK
E:\TMP\LIBCURLXXX\WORK\DEBUG\SAMPLE.EXE
E:\TMP\LIBCURLXXX\WORK\DEBUG\SAMPLE.PDB
E:\tmp\libcurlxxx\Sample\Debug\Sample.obj
E:\tmp\libcurlxxx\Sample\Debug\stdafx.obj
E:\tmp\libcurlxxx\Sample\Debug\cl.command.1.tlog
E:\tmp\libcurlxxx\Sample\Debug\CL.read.1.tlog
E:\tmp\libcurlxxx\Sample\Debug\CL.write.1.tlog
E:\tmp\libcurlxxx\Sample\Debug\link-cvtres.read.1.tlog
E:\tmp\libcurlxxx\Sample\Debug\link-cvtres.write.1.tlog
E:\tmp\libcurlxxx\Sample\Debug\link-rc.read.1.tlog
E:\tmp\libcurlxxx\Sample\Debug\link-rc.write.1.tlog
E:\tmp\libcurlxxx\Sample\Debug\link.4812-cvtres.read.1.tlog
E:\tmp\libcurlxxx\Sample\Debug\link.4812-cvtres.write.1.tlog
E:\tmp\libcurlxxx\Sample\Debug\link.4812-rc.read.1.tlog
E:\tmp\libcurlxxx\Sample\Debug\link.4812-rc.write.1.tlog
E:\tmp\libcurlxxx\Sample\Debug\link.4812.read.1.tlog
E:\tmp\libcurlxxx\Sample\Debug\link.4812.write.1.tlog
E:\tmp\libcurlxxx\Sample\Debug\link.5404-cvtres.read.1.tlog
E:\tmp\libcurlxxx\Sample\Debug\link.5404-cvtres.write.1.tlog
E:\tmp\libcurlxxx\Sample\Debug\link.5404-rc.read.1.tlog
E:\tmp\libcurlxxx\Sample\Debug\link.5404-rc.write.1.tlog
E:\tmp\libcurlxxx\Sample\Debug\link.5404.read.1.tlog
E:\tmp\libcurlxxx\Sample\Debug\link.5404.write.1.tlog
E:\tmp\libcurlxxx\Sample\Debug\link.5756-cvtres.read.1.tlog
E:\tmp\libcurlxxx\Sample\Debug\link.5756-cvtres.write.1.tlog
E:\tmp\libcurlxxx\Sample\Debug\link.5756-rc.read.1.tlog
E:\tmp\libcurlxxx\Sample\Debug\link.5756-rc.write.1.tlog
E:\tmp\libcurlxxx\Sample\Debug\link.5756.read.1.tlog
E:\tmp\libcurlxxx\Sample\Debug\link.5756.write.1.tlog
E:\tmp\libcurlxxx\Sample\Debug\link.8428-cvtres.read.1.tlog
E:\tmp\libcurlxxx\Sample\Debug\link.8428-cvtres.write.1.tlog
E:\tmp\libcurlxxx\Sample\Debug\link.8428-rc.read.1.tlog
E:\tmp\libcurlxxx\Sample\Debug\link.8428-rc.write.1.tlog
E:\tmp\libcurlxxx\Sample\Debug\link.8428.read.1.tlog
E:\tmp\libcurlxxx\Sample\Debug\link.8428.write.1.tlog
E:\tmp\libcurlxxx\Sample\Debug\link.9136-cvtres.read.1.tlog
E:\tmp\libcurlxxx\Sample\Debug\link.9136-cvtres.write.1.tlog
E:\tmp\libcurlxxx\Sample\Debug\link.9136-rc.read.1.tlog
E:\tmp\libcurlxxx\Sample\Debug\link.9136-rc.write.1.tlog
E:\tmp\libcurlxxx\Sample\Debug\link.9136.read.1.tlog
E:\tmp\libcurlxxx\Sample\Debug\link.9136.write.1.tlog
E:\tmp\libcurlxxx\Sample\Debug\link.9488-cvtres.read.1.tlog
E:\tmp\libcurlxxx\Sample\Debug\link.9488-cvtres.write.1.tlog
E:\tmp\libcurlxxx\Sample\Debug\link.9488-rc.read.1.tlog
E:\tmp\libcurlxxx\Sample\Debug\link.9488-rc.write.1.tlog
E:\tmp\libcurlxxx\Sample\Debug\link.9488.read.1.tlog
E:\tmp\libcurlxxx\Sample\Debug\link.9488.write.1.tlog
E:\tmp\libcurlxxx\Sample\Debug\link.9676-cvtres.read.1.tlog
E:\tmp\libcurlxxx\Sample\Debug\link.9676-cvtres.write.1.tlog
E:\tmp\libcurlxxx\Sample\Debug\link.9676-rc.read.1.tlog
E:\tmp\libcurlxxx\Sample\Debug\link.9676-rc.write.1.tlog
E:\tmp\libcurlxxx\Sample\Debug\link.9676.read.1.tlog
E:\tmp\libcurlxxx\Sample\Debug\link.9676.write.1.tlog
E:\tmp\libcurlxxx\Sample\Debug\link.command.1.tlog
E:\tmp\libcurlxxx\Sample\Debug\link.read.1.tlog
E:\tmp\libcurlxxx\Sample\Debug\link.write.1.tlog
E:\tmp\libcurlxxx\Sample\Debug\Sample.pch
E:\tmp\libcurlxxx\Sample\Debug\vc110.idb
E:\tmp\libcurlxxx\Sample\Debug\vc110.pdb
E:\tmp\libcurlxxx\Sample\..\work\Debug\Sample.exe
