E:\TMP\LIBCURL\LIBSSH2\WIN32\DEBUG_LIB\AGENT.OBJ
E:\TMP\LIBCURL\LIBSSH2\WIN32\DEBUG_LIB\CHANNEL.OBJ
E:\tmp\libcurl\libssh2\win32\Debug_lib\cl.command.1.tlog
E:\tmp\libcurl\libssh2\win32\Debug_lib\CL.read.1.tlog
E:\tmp\libcurl\libssh2\win32\Debug_lib\CL.write.1.tlog
E:\TMP\LIBCURL\LIBSSH2\WIN32\DEBUG_LIB\COMP.OBJ
E:\TMP\LIBCURL\LIBSSH2\WIN32\DEBUG_LIB\CRYPT.OBJ
E:\TMP\LIBCURL\LIBSSH2\WIN32\DEBUG_LIB\GLOBAL.OBJ
E:\TMP\LIBCURL\LIBSSH2\WIN32\DEBUG_LIB\HOSTKEY.OBJ
E:\TMP\LIBCURL\LIBSSH2\WIN32\DEBUG_LIB\KEEPALIVE.OBJ
E:\TMP\LIBCURL\LIBSSH2\WIN32\DEBUG_LIB\KEX.OBJ
E:\TMP\LIBCURL\LIBSSH2\WIN32\DEBUG_LIB\KNOWNHOST.OBJ
E:\tmp\libcurl\libssh2\win32\Debug_lib\lib.command.1.tlog
E:\TMP\LIBCURL\LIBSSH2\WIN32\DEBUG_LIB\LIBGCRYPT.OBJ
E:\tmp\libcurl\libssh2\win32\Debug_lib\Lib-link.read.1.tlog
E:\tmp\libcurl\libssh2\win32\Debug_lib\Lib-link.write.1.tlog
E:\tmp\libcurl\libssh2\win32\Debug_lib\libssh2.vcxprojResolveAssemblyReference.cache
E:\tmp\libcurl\libssh2\win32\Debug_lib\libssh2.write.1.tlog
E:\TMP\LIBCURL\LIBSSH2\WIN32\DEBUG_LIB\LIBSSH2D.LIB
E:\TMP\LIBCURL\LIBSSH2\WIN32\DEBUG_LIB\MAC.OBJ
E:\TMP\LIBCURL\LIBSSH2\WIN32\DEBUG_LIB\MISC.OBJ
E:\TMP\LIBCURL\LIBSSH2\WIN32\DEBUG_LIB\OPENSSL.OBJ
E:\TMP\LIBCURL\LIBSSH2\WIN32\DEBUG_LIB\PACKET.OBJ
E:\TMP\LIBCURL\LIBSSH2\WIN32\DEBUG_LIB\PEM.OBJ
E:\TMP\LIBCURL\LIBSSH2\WIN32\DEBUG_LIB\PUBLICKEY.OBJ
E:\TMP\LIBCURL\LIBSSH2\WIN32\DEBUG_LIB\SCP.OBJ
E:\TMP\LIBCURL\LIBSSH2\WIN32\DEBUG_LIB\SESSION.OBJ
E:\TMP\LIBCURL\LIBSSH2\WIN32\DEBUG_LIB\SFTP.OBJ
E:\TMP\LIBCURL\LIBSSH2\WIN32\DEBUG_LIB\TRANSPORT.OBJ
E:\TMP\LIBCURL\LIBSSH2\WIN32\DEBUG_LIB\USERAUTH.OBJ
E:\tmp\libcurl\libssh2\win32\Debug_lib\vc100.idb
E:\TMP\LIBCURL\LIBSSH2\WIN32\DEBUG_LIB\VC100.PDB
E:\TMP\LIBCURL\LIBSSH2\WIN32\DEBUG_LIB\VERSION.OBJ
