E:\TMP\LIBCURLXXX\WORK\DEBUGSRC\TOOL_HUGEHELP.OBJ
E:\TMP\LIBCURLXXX\WORK\DEBUGSRC\TOOL_LIBINFO.OBJ
E:\TMP\LIBCURLXXX\WORK\DEBUGSRC\TOOL_MAIN.OBJ
E:\TMP\LIBCURLXXX\WORK\DEBUGSRC\TOOL_METALINK.OBJ
E:\TMP\LIBCURLXXX\WORK\DEBUGSRC\TOOL_MFILES.OBJ
E:\TMP\LIBCURLXXX\WORK\DEBUGSRC\TOOL_MSGS.OBJ
E:\TMP\LIBCURLXXX\WORK\DEBUGSRC\TOOL_OPERATE.OBJ
E:\TMP\LIBCURLXXX\WORK\DEBUGSRC\TOOL_OPERHLP.OBJ
E:\TMP\LIBCURLXXX\WORK\DEBUGSRC\TOOL_PANYKEY.OBJ
E:\TMP\LIBCURLXXX\WORK\DEBUGSRC\TOOL_PARAMHLP.OBJ
E:\TMP\LIBCURLXXX\WORK\DEBUGSRC\TOOL_PARSECFG.OBJ
E:\TMP\LIBCURLXXX\WORK\DEBUGSRC\TOOL_SETOPT.OBJ
E:\TMP\LIBCURLXXX\WORK\DEBUGSRC\TOOL_SLEEP.OBJ
E:\TMP\LIBCURLXXX\WORK\DEBUGSRC\TOOL_STRDUP.OBJ
E:\TMP\LIBCURLXXX\WORK\DEBUGSRC\TOOL_URLGLOB.OBJ
E:\TMP\LIBCURLXXX\WORK\DEBUGSRC\TOOL_UTIL.OBJ
E:\TMP\LIBCURLXXX\WORK\DEBUGSRC\TOOL_VMS.OBJ
E:\TMP\LIBCURLXXX\WORK\DEBUGSRC\TOOL_WRITEENV.OBJ
E:\TMP\LIBCURLXXX\WORK\DEBUGSRC\TOOL_WRITEOUT.OBJ
E:\TMP\LIBCURLXXX\WORK\DEBUGSRC\TOOL_XATTR.OBJ
E:\TMP\LIBCURLXXX\WORK\DEBUGSRC\WARNLESS.OBJ
E:\TMP\LIBCURLXXX\WORK\DEBUGSRC\TOOL_BINMODE.OBJ
E:\TMP\LIBCURLXXX\WORK\DEBUGSRC\TOOL_BNAME.OBJ
E:\TMP\LIBCURLXXX\WORK\DEBUGSRC\TOOL_CB_DBG.OBJ
E:\TMP\LIBCURLXXX\WORK\DEBUGSRC\TOOL_CB_HDR.OBJ
E:\TMP\LIBCURLXXX\WORK\DEBUGSRC\TOOL_CB_PRG.OBJ
E:\TMP\LIBCURLXXX\WORK\DEBUGSRC\TOOL_CB_REA.OBJ
E:\TMP\LIBCURLXXX\WORK\DEBUGSRC\TOOL_CB_SEE.OBJ
E:\TMP\LIBCURLXXX\WORK\DEBUGSRC\TOOL_CB_WRT.OBJ
E:\TMP\LIBCURLXXX\WORK\DEBUGSRC\TOOL_CFGABLE.OBJ
E:\TMP\LIBCURLXXX\WORK\DEBUGSRC\TOOL_CONVERT.OBJ
E:\TMP\LIBCURLXXX\WORK\DEBUGSRC\TOOL_DIRHIE.OBJ
E:\TMP\LIBCURLXXX\WORK\DEBUGSRC\TOOL_DOSWIN.OBJ
E:\TMP\LIBCURLXXX\WORK\DEBUGSRC\TOOL_EASYSRC.OBJ
E:\TMP\LIBCURLXXX\WORK\DEBUGSRC\TOOL_FORMPARSE.OBJ
E:\TMP\LIBCURLXXX\WORK\DEBUGSRC\TOOL_GETPARAM.OBJ
E:\TMP\LIBCURLXXX\WORK\DEBUGSRC\TOOL_GETPASS.OBJ
E:\TMP\LIBCURLXXX\WORK\DEBUGSRC\TOOL_HELP.OBJ
E:\TMP\LIBCURLXXX\WORK\DEBUGSRC\TOOL_HELPERS.OBJ
E:\TMP\LIBCURLXXX\WORK\DEBUGSRC\TOOL_HOMEDIR.OBJ
E:\TMP\LIBCURLXXX\WORK\DEBUGSRC\STRTOOFFT.OBJ
E:\TMP\LIBCURLXXX\WORK\DEBUGSRC\RAWSTR.OBJ
E:\TMP\LIBCURLXXX\WORK\DEBUGSRC\NONBLOCK.OBJ
E:\TMP\LIBCURLXXX\WORK\DEBUGSRC\VC110.PDB
E:\TMP\LIBCURLXXX\WORK\DEBUG\CURLD.EXE
E:\TMP\LIBCURLXXX\WORK\DEBUG\CURLD.PDB
E:\TMP\LIBCURLXXX\WORK\DEBUGSRC\CURL.RES
E:\tmp\libcurlxxx\work\Debugsrc\nonblock.obj
E:\tmp\libcurlxxx\work\Debugsrc\rawstr.obj
E:\tmp\libcurlxxx\work\Debugsrc\strtoofft.obj
E:\tmp\libcurlxxx\work\Debugsrc\tool_binmode.obj
E:\tmp\libcurlxxx\work\Debugsrc\tool_bname.obj
E:\tmp\libcurlxxx\work\Debugsrc\tool_cb_dbg.obj
E:\tmp\libcurlxxx\work\Debugsrc\tool_cb_hdr.obj
E:\tmp\libcurlxxx\work\Debugsrc\tool_cb_prg.obj
E:\tmp\libcurlxxx\work\Debugsrc\tool_cb_rea.obj
E:\tmp\libcurlxxx\work\Debugsrc\tool_cb_see.obj
E:\tmp\libcurlxxx\work\Debugsrc\tool_cb_wrt.obj
E:\tmp\libcurlxxx\work\Debugsrc\tool_cfgable.obj
E:\tmp\libcurlxxx\work\Debugsrc\tool_convert.obj
E:\tmp\libcurlxxx\work\Debugsrc\tool_dirhie.obj
E:\tmp\libcurlxxx\work\Debugsrc\tool_doswin.obj
E:\tmp\libcurlxxx\work\Debugsrc\tool_easysrc.obj
E:\tmp\libcurlxxx\work\Debugsrc\tool_formparse.obj
E:\tmp\libcurlxxx\work\Debugsrc\tool_getparam.obj
E:\tmp\libcurlxxx\work\Debugsrc\tool_getpass.obj
E:\tmp\libcurlxxx\work\Debugsrc\tool_help.obj
E:\tmp\libcurlxxx\work\Debugsrc\tool_helpers.obj
E:\tmp\libcurlxxx\work\Debugsrc\tool_homedir.obj
E:\tmp\libcurlxxx\work\Debugsrc\tool_hugehelp.obj
E:\tmp\libcurlxxx\work\Debugsrc\tool_libinfo.obj
E:\tmp\libcurlxxx\work\Debugsrc\tool_main.obj
E:\tmp\libcurlxxx\work\Debugsrc\tool_metalink.obj
E:\tmp\libcurlxxx\work\Debugsrc\tool_mfiles.obj
E:\tmp\libcurlxxx\work\Debugsrc\tool_msgs.obj
E:\tmp\libcurlxxx\work\Debugsrc\tool_operate.obj
E:\tmp\libcurlxxx\work\Debugsrc\tool_operhlp.obj
E:\tmp\libcurlxxx\work\Debugsrc\tool_panykey.obj
E:\tmp\libcurlxxx\work\Debugsrc\tool_paramhlp.obj
E:\tmp\libcurlxxx\work\Debugsrc\tool_parsecfg.obj
E:\tmp\libcurlxxx\work\Debugsrc\tool_setopt.obj
E:\tmp\libcurlxxx\work\Debugsrc\tool_sleep.obj
E:\tmp\libcurlxxx\work\Debugsrc\tool_strdup.obj
E:\tmp\libcurlxxx\work\Debugsrc\tool_urlglob.obj
E:\tmp\libcurlxxx\work\Debugsrc\tool_util.obj
E:\tmp\libcurlxxx\work\Debugsrc\tool_vms.obj
E:\tmp\libcurlxxx\work\Debugsrc\tool_writeenv.obj
E:\tmp\libcurlxxx\work\Debugsrc\tool_writeout.obj
E:\tmp\libcurlxxx\work\Debugsrc\tool_xattr.obj
E:\tmp\libcurlxxx\work\Debugsrc\warnless.obj
E:\tmp\libcurlxxx\work\Debugsrc\cl.command.1.tlog
E:\tmp\libcurlxxx\work\Debugsrc\CL.read.1.tlog
E:\tmp\libcurlxxx\work\Debugsrc\CL.write.1.tlog
E:\tmp\libcurlxxx\work\Debugsrc\link-cvtres.read.1.tlog
E:\tmp\libcurlxxx\work\Debugsrc\link-cvtres.write.1.tlog
E:\tmp\libcurlxxx\work\Debugsrc\link-rc.read.1.tlog
E:\tmp\libcurlxxx\work\Debugsrc\link-rc.write.1.tlog
E:\tmp\libcurlxxx\work\Debugsrc\link.command.1.tlog
E:\tmp\libcurlxxx\work\Debugsrc\link.read.1.tlog
E:\tmp\libcurlxxx\work\Debugsrc\link.write.1.tlog
E:\tmp\libcurlxxx\work\Debugsrc\rc.command.1.tlog
E:\tmp\libcurlxxx\work\Debugsrc\rc.read.1.tlog
E:\tmp\libcurlxxx\work\Debugsrc\rc.write.1.tlog
E:\tmp\libcurlxxx\work\Debugsrc\curl.res
E:\tmp\libcurlxxx\work\Debugsrc\vc110.idb
E:\tmp\libcurlxxx\work\Debugsrc\vc110.pdb
E:\tmp\libcurlxxx\curl\projects\Windows\VC11\src\..\..\..\..\..\work\Debug\curld.exe
