E:\TMP\LIBCURLXXX\WORK\DEBUGLIB\TELNET.OBJ
E:\TMP\LIBCURLXXX\WORK\DEBUGLIB\TFTP.OBJ
E:\TMP\LIBCURLXXX\WORK\DEBUGLIB\TIMEVAL.OBJ
E:\TMP\LIBCURLXXX\WORK\DEBUGLIB\TRANSFER.OBJ
E:\TMP\LIBCURLXXX\WORK\DEBUGLIB\URL.OBJ
E:\TMP\LIBCURLXXX\WORK\DEBUGLIB\VERSION.OBJ
E:\TMP\LIBCURLXXX\WORK\DEBUGLIB\WARNLESS.OBJ
E:\TMP\LIBCURLXXX\WORK\DEBUGLIB\WILDCARD.OBJ
E:\TMP\LIBCURLXXX\WORK\DEBUGLIB\X509ASN1.OBJ
E:\TMP\LIBCURLXXX\WORK\DEBUGLIB\AXTLS.OBJ
E:\TMP\LIBCURLXXX\WORK\DEBUGLIB\CURL_DARWINSSL.OBJ
E:\TMP\LIBCURLXXX\WORK\DEBUGLIB\CURL_SCHANNEL.OBJ
E:\TMP\LIBCURLXXX\WORK\DEBUGLIB\CYASSL.OBJ
E:\TMP\LIBCURLXXX\WORK\DEBUGLIB\GSKIT.OBJ
E:\TMP\LIBCURLXXX\WORK\DEBUGLIB\GTLS.OBJ
E:\TMP\LIBCURLXXX\WORK\DEBUGLIB\NSS.OBJ
E:\TMP\LIBCURLXXX\WORK\DEBUGLIB\OPENSSL.OBJ
E:\TMP\LIBCURLXXX\WORK\DEBUGLIB\POLARSSL.OBJ
E:\TMP\LIBCURLXXX\WORK\DEBUGLIB\POLARSSL_THREADLOCK.OBJ
E:\TMP\LIBCURLXXX\WORK\DEBUGLIB\VTLS.OBJ
E:\TMP\LIBCURLXXX\WORK\DEBUGLIB\RAWSTR.OBJ
E:\TMP\LIBCURLXXX\WORK\DEBUGLIB\RTSP.OBJ
E:\TMP\LIBCURLXXX\WORK\DEBUGLIB\SECURITY.OBJ
E:\TMP\LIBCURLXXX\WORK\DEBUGLIB\SELECT.OBJ
E:\TMP\LIBCURLXXX\WORK\DEBUGLIB\SENDF.OBJ
E:\TMP\LIBCURLXXX\WORK\DEBUGLIB\SHARE.OBJ
E:\TMP\LIBCURLXXX\WORK\DEBUGLIB\SLIST.OBJ
E:\TMP\LIBCURLXXX\WORK\DEBUGLIB\SMB.OBJ
E:\TMP\LIBCURLXXX\WORK\DEBUGLIB\SMTP.OBJ
E:\TMP\LIBCURLXXX\WORK\DEBUGLIB\SOCKS.OBJ
E:\TMP\LIBCURLXXX\WORK\DEBUGLIB\SOCKS_GSSAPI.OBJ
E:\TMP\LIBCURLXXX\WORK\DEBUGLIB\SOCKS_SSPI.OBJ
E:\TMP\LIBCURLXXX\WORK\DEBUGLIB\SPEEDCHECK.OBJ
E:\TMP\LIBCURLXXX\WORK\DEBUGLIB\SPLAY.OBJ
E:\TMP\LIBCURLXXX\WORK\DEBUGLIB\SSH.OBJ
E:\TMP\LIBCURLXXX\WORK\DEBUGLIB\STRDUP.OBJ
E:\TMP\LIBCURLXXX\WORK\DEBUGLIB\STREQUAL.OBJ
E:\TMP\LIBCURLXXX\WORK\DEBUGLIB\STRERROR.OBJ
E:\TMP\LIBCURLXXX\WORK\DEBUGLIB\STRTOK.OBJ
E:\TMP\LIBCURLXXX\WORK\DEBUGLIB\STRTOOFFT.OBJ
E:\TMP\LIBCURLXXX\WORK\DEBUGLIB\INET_PTON.OBJ
E:\TMP\LIBCURLXXX\WORK\DEBUGLIB\KRB5.OBJ
E:\TMP\LIBCURLXXX\WORK\DEBUGLIB\LDAP.OBJ
E:\TMP\LIBCURLXXX\WORK\DEBUGLIB\LLIST.OBJ
E:\TMP\LIBCURLXXX\WORK\DEBUGLIB\MD4.OBJ
E:\TMP\LIBCURLXXX\WORK\DEBUGLIB\MD5.OBJ
E:\TMP\LIBCURLXXX\WORK\DEBUGLIB\MEMDEBUG.OBJ
E:\TMP\LIBCURLXXX\WORK\DEBUGLIB\MPRINTF.OBJ
E:\TMP\LIBCURLXXX\WORK\DEBUGLIB\MULTI.OBJ
E:\TMP\LIBCURLXXX\WORK\DEBUGLIB\NETRC.OBJ
E:\TMP\LIBCURLXXX\WORK\DEBUGLIB\NON-ASCII.OBJ
E:\TMP\LIBCURLXXX\WORK\DEBUGLIB\NONBLOCK.OBJ
E:\TMP\LIBCURLXXX\WORK\DEBUGLIB\NWLIB.OBJ
E:\TMP\LIBCURLXXX\WORK\DEBUGLIB\NWOS.OBJ
E:\TMP\LIBCURLXXX\WORK\DEBUGLIB\OPENLDAP.OBJ
E:\TMP\LIBCURLXXX\WORK\DEBUGLIB\PARSEDATE.OBJ
E:\TMP\LIBCURLXXX\WORK\DEBUGLIB\PINGPONG.OBJ
E:\TMP\LIBCURLXXX\WORK\DEBUGLIB\PIPELINE.OBJ
E:\TMP\LIBCURLXXX\WORK\DEBUGLIB\POP3.OBJ
E:\TMP\LIBCURLXXX\WORK\DEBUGLIB\PROGRESS.OBJ
E:\TMP\LIBCURLXXX\WORK\DEBUGLIB\GOPHER.OBJ
E:\TMP\LIBCURLXXX\WORK\DEBUGLIB\HASH.OBJ
E:\TMP\LIBCURLXXX\WORK\DEBUGLIB\HMAC.OBJ
E:\TMP\LIBCURLXXX\WORK\DEBUGLIB\HOSTASYN.OBJ
E:\TMP\LIBCURLXXX\WORK\DEBUGLIB\HOSTCHECK.OBJ
E:\TMP\LIBCURLXXX\WORK\DEBUGLIB\HOSTIP.OBJ
E:\TMP\LIBCURLXXX\WORK\DEBUGLIB\HOSTIP4.OBJ
E:\TMP\LIBCURLXXX\WORK\DEBUGLIB\HOSTIP6.OBJ
E:\TMP\LIBCURLXXX\WORK\DEBUGLIB\HOSTSYN.OBJ
E:\TMP\LIBCURLXXX\WORK\DEBUGLIB\HTTP.OBJ
E:\TMP\LIBCURLXXX\WORK\DEBUGLIB\HTTP2.OBJ
E:\TMP\LIBCURLXXX\WORK\DEBUGLIB\HTTP_CHUNKS.OBJ
E:\TMP\LIBCURLXXX\WORK\DEBUGLIB\HTTP_DIGEST.OBJ
E:\TMP\LIBCURLXXX\WORK\DEBUGLIB\HTTP_NEGOTIATE.OBJ
E:\TMP\LIBCURLXXX\WORK\DEBUGLIB\HTTP_NEGOTIATE_SSPI.OBJ
E:\TMP\LIBCURLXXX\WORK\DEBUGLIB\HTTP_PROXY.OBJ
E:\TMP\LIBCURLXXX\WORK\DEBUGLIB\IDN_WIN32.OBJ
E:\TMP\LIBCURLXXX\WORK\DEBUGLIB\IF2IP.OBJ
E:\TMP\LIBCURLXXX\WORK\DEBUGLIB\IMAP.OBJ
E:\TMP\LIBCURLXXX\WORK\DEBUGLIB\INET_NTOP.OBJ
E:\TMP\LIBCURLXXX\WORK\DEBUGLIB\CURL_NTLM_CORE.OBJ
E:\TMP\LIBCURLXXX\WORK\DEBUGLIB\CURL_NTLM_MSGS.OBJ
E:\TMP\LIBCURLXXX\WORK\DEBUGLIB\CURL_NTLM_WB.OBJ
E:\TMP\LIBCURLXXX\WORK\DEBUGLIB\CURL_RTMP.OBJ
E:\TMP\LIBCURLXXX\WORK\DEBUGLIB\CURL_SASL.OBJ
E:\TMP\LIBCURLXXX\WORK\DEBUGLIB\CURL_SASL_GSSAPI.OBJ
E:\TMP\LIBCURLXXX\WORK\DEBUGLIB\CURL_SASL_SSPI.OBJ
E:\TMP\LIBCURLXXX\WORK\DEBUGLIB\CURL_SSPI.OBJ
E:\TMP\LIBCURLXXX\WORK\DEBUGLIB\CURL_THREADS.OBJ
E:\TMP\LIBCURLXXX\WORK\DEBUGLIB\DICT.OBJ
E:\TMP\LIBCURLXXX\WORK\DEBUGLIB\DOTDOT.OBJ
E:\TMP\LIBCURLXXX\WORK\DEBUGLIB\EASY.OBJ
E:\TMP\LIBCURLXXX\WORK\DEBUGLIB\ESCAPE.OBJ
E:\TMP\LIBCURLXXX\WORK\DEBUGLIB\FILE.OBJ
E:\TMP\LIBCURLXXX\WORK\DEBUGLIB\FILEINFO.OBJ
E:\TMP\LIBCURLXXX\WORK\DEBUGLIB\FORMDATA.OBJ
E:\TMP\LIBCURLXXX\WORK\DEBUGLIB\FTP.OBJ
E:\TMP\LIBCURLXXX\WORK\DEBUGLIB\FTPLISTPARSER.OBJ
E:\TMP\LIBCURLXXX\WORK\DEBUGLIB\GETENV.OBJ
E:\TMP\LIBCURLXXX\WORK\DEBUGLIB\GETINFO.OBJ
E:\TMP\LIBCURLXXX\WORK\DEBUGLIB\AMIGAOS.OBJ
E:\TMP\LIBCURLXXX\WORK\DEBUGLIB\ASYN-ARES.OBJ
E:\TMP\LIBCURLXXX\WORK\DEBUGLIB\ASYN-THREAD.OBJ
E:\TMP\LIBCURLXXX\WORK\DEBUGLIB\BASE64.OBJ
E:\TMP\LIBCURLXXX\WORK\DEBUGLIB\BUNDLES.OBJ
E:\TMP\LIBCURLXXX\WORK\DEBUGLIB\CONNCACHE.OBJ
E:\TMP\LIBCURLXXX\WORK\DEBUGLIB\CONNECT.OBJ
E:\TMP\LIBCURLXXX\WORK\DEBUGLIB\CONTENT_ENCODING.OBJ
E:\TMP\LIBCURLXXX\WORK\DEBUGLIB\COOKIE.OBJ
E:\TMP\LIBCURLXXX\WORK\DEBUGLIB\CURL_ADDRINFO.OBJ
E:\TMP\LIBCURLXXX\WORK\DEBUGLIB\CURL_ENDIAN.OBJ
E:\TMP\LIBCURLXXX\WORK\DEBUGLIB\CURL_FNMATCH.OBJ
E:\TMP\LIBCURLXXX\WORK\DEBUGLIB\CURL_GETHOSTNAME.OBJ
E:\TMP\LIBCURLXXX\WORK\DEBUGLIB\CURL_GSSAPI.OBJ
E:\TMP\LIBCURLXXX\WORK\DEBUGLIB\CURL_MEMRCHR.OBJ
E:\TMP\LIBCURLXXX\WORK\DEBUGLIB\CURL_MULTIBYTE.OBJ
E:\TMP\LIBCURLXXX\WORK\DEBUGLIB\CURL_NTLM.OBJ
E:\TMP\LIBCURLXXX\WORK\DEBUGLIB\VC100.PDB
E:\tmp\libcurlxxx\work\Debug\libcurld.lib
E:\tmp\libcurlxxx\work\Debug\libcurld.exp
E:\TMP\LIBCURLXXX\WORK\DEBUG\LIBCURLD.DLL
E:\TMP\LIBCURLXXX\WORK\DEBUGLIB\LIBCURLD.DLL.INTERMEDIATE.MANIFEST
E:\TMP\LIBCURLXXX\WORK\DEBUG\LIBCURLD.PDB
E:\TMP\LIBCURLXXX\WORK\DEBUGLIB\LIBCURL.RES
E:\tmp\libcurlxxx\work\Debuglib\amigaos.obj
E:\tmp\libcurlxxx\work\Debuglib\asyn-ares.obj
E:\tmp\libcurlxxx\work\Debuglib\asyn-thread.obj
E:\tmp\libcurlxxx\work\Debuglib\axtls.obj
E:\tmp\libcurlxxx\work\Debuglib\base64.obj
E:\tmp\libcurlxxx\work\Debuglib\bundles.obj
E:\tmp\libcurlxxx\work\Debuglib\conncache.obj
E:\tmp\libcurlxxx\work\Debuglib\connect.obj
E:\tmp\libcurlxxx\work\Debuglib\content_encoding.obj
E:\tmp\libcurlxxx\work\Debuglib\cookie.obj
E:\tmp\libcurlxxx\work\Debuglib\curl_addrinfo.obj
E:\tmp\libcurlxxx\work\Debuglib\curl_darwinssl.obj
E:\tmp\libcurlxxx\work\Debuglib\curl_endian.obj
E:\tmp\libcurlxxx\work\Debuglib\curl_fnmatch.obj
E:\tmp\libcurlxxx\work\Debuglib\curl_gethostname.obj
E:\tmp\libcurlxxx\work\Debuglib\curl_gssapi.obj
E:\tmp\libcurlxxx\work\Debuglib\curl_memrchr.obj
E:\tmp\libcurlxxx\work\Debuglib\curl_multibyte.obj
E:\tmp\libcurlxxx\work\Debuglib\curl_ntlm.obj
E:\tmp\libcurlxxx\work\Debuglib\curl_ntlm_core.obj
E:\tmp\libcurlxxx\work\Debuglib\curl_ntlm_msgs.obj
E:\tmp\libcurlxxx\work\Debuglib\curl_ntlm_wb.obj
E:\tmp\libcurlxxx\work\Debuglib\curl_rtmp.obj
E:\tmp\libcurlxxx\work\Debuglib\curl_sasl.obj
E:\tmp\libcurlxxx\work\Debuglib\curl_sasl_gssapi.obj
E:\tmp\libcurlxxx\work\Debuglib\curl_sasl_sspi.obj
E:\tmp\libcurlxxx\work\Debuglib\curl_schannel.obj
E:\tmp\libcurlxxx\work\Debuglib\curl_sspi.obj
E:\tmp\libcurlxxx\work\Debuglib\curl_threads.obj
E:\tmp\libcurlxxx\work\Debuglib\cyassl.obj
E:\tmp\libcurlxxx\work\Debuglib\dict.obj
E:\tmp\libcurlxxx\work\Debuglib\dotdot.obj
E:\tmp\libcurlxxx\work\Debuglib\easy.obj
E:\tmp\libcurlxxx\work\Debuglib\escape.obj
E:\tmp\libcurlxxx\work\Debuglib\file.obj
E:\tmp\libcurlxxx\work\Debuglib\fileinfo.obj
E:\tmp\libcurlxxx\work\Debuglib\formdata.obj
E:\tmp\libcurlxxx\work\Debuglib\ftp.obj
E:\tmp\libcurlxxx\work\Debuglib\ftplistparser.obj
E:\tmp\libcurlxxx\work\Debuglib\getenv.obj
E:\tmp\libcurlxxx\work\Debuglib\getinfo.obj
E:\tmp\libcurlxxx\work\Debuglib\gopher.obj
E:\tmp\libcurlxxx\work\Debuglib\gskit.obj
E:\tmp\libcurlxxx\work\Debuglib\gtls.obj
E:\tmp\libcurlxxx\work\Debuglib\hash.obj
E:\tmp\libcurlxxx\work\Debuglib\hmac.obj
E:\tmp\libcurlxxx\work\Debuglib\hostasyn.obj
E:\tmp\libcurlxxx\work\Debuglib\hostcheck.obj
E:\tmp\libcurlxxx\work\Debuglib\hostip.obj
E:\tmp\libcurlxxx\work\Debuglib\hostip4.obj
E:\tmp\libcurlxxx\work\Debuglib\hostip6.obj
E:\tmp\libcurlxxx\work\Debuglib\hostsyn.obj
E:\tmp\libcurlxxx\work\Debuglib\http.obj
E:\tmp\libcurlxxx\work\Debuglib\http2.obj
E:\tmp\libcurlxxx\work\Debuglib\http_chunks.obj
E:\tmp\libcurlxxx\work\Debuglib\http_digest.obj
E:\tmp\libcurlxxx\work\Debuglib\http_negotiate.obj
E:\tmp\libcurlxxx\work\Debuglib\http_negotiate_sspi.obj
E:\tmp\libcurlxxx\work\Debuglib\http_proxy.obj
E:\tmp\libcurlxxx\work\Debuglib\idn_win32.obj
E:\tmp\libcurlxxx\work\Debuglib\if2ip.obj
E:\tmp\libcurlxxx\work\Debuglib\imap.obj
E:\tmp\libcurlxxx\work\Debuglib\inet_ntop.obj
E:\tmp\libcurlxxx\work\Debuglib\inet_pton.obj
E:\tmp\libcurlxxx\work\Debuglib\krb5.obj
E:\tmp\libcurlxxx\work\Debuglib\ldap.obj
E:\tmp\libcurlxxx\work\Debuglib\llist.obj
E:\tmp\libcurlxxx\work\Debuglib\md4.obj
E:\tmp\libcurlxxx\work\Debuglib\md5.obj
E:\tmp\libcurlxxx\work\Debuglib\memdebug.obj
E:\tmp\libcurlxxx\work\Debuglib\mprintf.obj
E:\tmp\libcurlxxx\work\Debuglib\multi.obj
E:\tmp\libcurlxxx\work\Debuglib\netrc.obj
E:\tmp\libcurlxxx\work\Debuglib\non-ascii.obj
E:\tmp\libcurlxxx\work\Debuglib\nonblock.obj
E:\tmp\libcurlxxx\work\Debuglib\nss.obj
E:\tmp\libcurlxxx\work\Debuglib\nwlib.obj
E:\tmp\libcurlxxx\work\Debuglib\nwos.obj
E:\tmp\libcurlxxx\work\Debuglib\openldap.obj
E:\tmp\libcurlxxx\work\Debuglib\openssl.obj
E:\tmp\libcurlxxx\work\Debuglib\parsedate.obj
E:\tmp\libcurlxxx\work\Debuglib\pingpong.obj
E:\tmp\libcurlxxx\work\Debuglib\pipeline.obj
E:\tmp\libcurlxxx\work\Debuglib\polarssl.obj
E:\tmp\libcurlxxx\work\Debuglib\polarssl_threadlock.obj
E:\tmp\libcurlxxx\work\Debuglib\pop3.obj
E:\tmp\libcurlxxx\work\Debuglib\progress.obj
E:\tmp\libcurlxxx\work\Debuglib\rawstr.obj
E:\tmp\libcurlxxx\work\Debuglib\rtsp.obj
E:\tmp\libcurlxxx\work\Debuglib\security.obj
E:\tmp\libcurlxxx\work\Debuglib\select.obj
E:\tmp\libcurlxxx\work\Debuglib\sendf.obj
E:\tmp\libcurlxxx\work\Debuglib\share.obj
E:\tmp\libcurlxxx\work\Debuglib\slist.obj
E:\tmp\libcurlxxx\work\Debuglib\smb.obj
E:\tmp\libcurlxxx\work\Debuglib\smtp.obj
E:\tmp\libcurlxxx\work\Debuglib\socks.obj
E:\tmp\libcurlxxx\work\Debuglib\socks_gssapi.obj
E:\tmp\libcurlxxx\work\Debuglib\socks_sspi.obj
E:\tmp\libcurlxxx\work\Debuglib\speedcheck.obj
E:\tmp\libcurlxxx\work\Debuglib\splay.obj
E:\tmp\libcurlxxx\work\Debuglib\ssh.obj
E:\tmp\libcurlxxx\work\Debuglib\strdup.obj
E:\tmp\libcurlxxx\work\Debuglib\strequal.obj
E:\tmp\libcurlxxx\work\Debuglib\strerror.obj
E:\tmp\libcurlxxx\work\Debuglib\strtok.obj
E:\tmp\libcurlxxx\work\Debuglib\strtoofft.obj
E:\tmp\libcurlxxx\work\Debuglib\telnet.obj
E:\tmp\libcurlxxx\work\Debuglib\tftp.obj
E:\tmp\libcurlxxx\work\Debuglib\timeval.obj
E:\tmp\libcurlxxx\work\Debuglib\transfer.obj
E:\tmp\libcurlxxx\work\Debuglib\url.obj
E:\tmp\libcurlxxx\work\Debuglib\version.obj
E:\tmp\libcurlxxx\work\Debuglib\vtls.obj
E:\tmp\libcurlxxx\work\Debuglib\warnless.obj
E:\tmp\libcurlxxx\work\Debuglib\wildcard.obj
E:\tmp\libcurlxxx\work\Debuglib\x509asn1.obj
E:\tmp\libcurlxxx\work\Debuglib\cl.command.1.tlog
E:\tmp\libcurlxxx\work\Debuglib\CL.read.1.tlog
E:\tmp\libcurlxxx\work\Debuglib\CL.write.1.tlog
E:\tmp\libcurlxxx\work\Debuglib\libcurl.write.1.tlog
E:\tmp\libcurlxxx\work\Debuglib\link-cvtres.read.1.tlog
E:\tmp\libcurlxxx\work\Debuglib\link-cvtres.write.1.tlog
E:\tmp\libcurlxxx\work\Debuglib\link.command.1.tlog
E:\tmp\libcurlxxx\work\Debuglib\link.read.1.tlog
E:\tmp\libcurlxxx\work\Debuglib\link.write.1.tlog
E:\tmp\libcurlxxx\work\Debuglib\mt.command.1.tlog
E:\tmp\libcurlxxx\work\Debuglib\mt.read.1.tlog
E:\tmp\libcurlxxx\work\Debuglib\mt.write.1.tlog
E:\tmp\libcurlxxx\work\Debuglib\rc.command.1.tlog
E:\tmp\libcurlxxx\work\Debuglib\rc.read.1.tlog
E:\tmp\libcurlxxx\work\Debuglib\rc.write.1.tlog
E:\tmp\libcurlxxx\work\Debuglib\libcurld.dll.intermediate.manifest
E:\tmp\libcurlxxx\work\Debuglib\libcurl.res
E:\tmp\libcurlxxx\work\Debuglib\vc100.idb
E:\tmp\libcurlxxx\work\Debuglib\vc100.pdb
E:\tmp\libcurlxxx\curl\projects\Windows\VC11\lib\..\..\..\..\..\work\Debug\libcurld.dll
