E:\TMP\LIBCURLXXX\LIBSSH2\WIN32\DEBUG_LIB\COMP.OBJ
E:\TMP\LIBCURLXXX\LIBSSH2\WIN32\DEBUG_LIB\CRYPT.OBJ
E:\TMP\LIBCURLXXX\LIBSSH2\WIN32\DEBUG_LIB\GLOBAL.OBJ
E:\TMP\LIBCURLXXX\LIBSSH2\WIN32\DEBUG_LIB\HOSTKEY.OBJ
E:\TMP\LIBCURLXXX\LIBSSH2\WIN32\DEBUG_LIB\KEEPALIVE.OBJ
E:\TMP\LIBCURLXXX\LIBSSH2\WIN32\DEBUG_LIB\KEX.OBJ
E:\TMP\LIBCURLXXX\LIBSSH2\WIN32\DEBUG_LIB\KNOWNHOST.OBJ
E:\TMP\LIBCURLXXX\LIBSSH2\WIN32\DEBUG_LIB\LIBGCRYPT.OBJ
E:\TMP\LIBCURLXXX\LIBSSH2\WIN32\DEBUG_LIB\MAC.OBJ
E:\TMP\LIBCURLXXX\LIBSSH2\WIN32\DEBUG_LIB\MISC.OBJ
E:\TMP\LIBCURLXXX\LIBSSH2\WIN32\DEBUG_LIB\OPENSSL.OBJ
E:\TMP\LIBCURLXXX\LIBSSH2\WIN32\DEBUG_LIB\PACKET.OBJ
E:\TMP\LIBCURLXXX\LIBSSH2\WIN32\DEBUG_LIB\PEM.OBJ
E:\TMP\LIBCURLXXX\LIBSSH2\WIN32\DEBUG_LIB\PUBLICKEY.OBJ
E:\TMP\LIBCURLXXX\LIBSSH2\WIN32\DEBUG_LIB\SCP.OBJ
E:\TMP\LIBCURLXXX\LIBSSH2\WIN32\DEBUG_LIB\SESSION.OBJ
E:\TMP\LIBCURLXXX\LIBSSH2\WIN32\DEBUG_LIB\SFTP.OBJ
E:\TMP\LIBCURLXXX\LIBSSH2\WIN32\DEBUG_LIB\TRANSPORT.OBJ
E:\TMP\LIBCURLXXX\LIBSSH2\WIN32\DEBUG_LIB\USERAUTH.OBJ
E:\TMP\LIBCURLXXX\LIBSSH2\WIN32\DEBUG_LIB\VERSION.OBJ
E:\TMP\LIBCURLXXX\LIBSSH2\WIN32\DEBUG_LIB\AGENT.OBJ
E:\TMP\LIBCURLXXX\LIBSSH2\WIN32\DEBUG_LIB\CHANNEL.OBJ
E:\TMP\LIBCURLXXX\LIBSSH2\WIN32\DEBUG_LIB\VC100.PDB
E:\TMP\LIBCURLXXX\LIBSSH2\WIN32\DEBUG_LIB\VC110.PDB
E:\TMP\LIBCURLXXX\LIBSSH2\WIN32\DEBUG_LIB\LIBSSH2D.LIB
E:\tmp\libcurlxxx\libssh2\win32\LIB Debug\cl.command.1.tlog
E:\tmp\libcurlxxx\libssh2\win32\LIB Debug\CL.read.1.tlog
E:\tmp\libcurlxxx\libssh2\win32\LIB Debug\CL.write.1.tlog
E:\tmp\libcurlxxx\libssh2\win32\LIB Debug\Lib-link.read.1.tlog
E:\tmp\libcurlxxx\libssh2\win32\LIB Debug\Lib-link.write.1.tlog
E:\tmp\libcurlxxx\libssh2\win32\LIB Debug\lib.command.1.tlog
